[1.580s] DEBUG:colcon:Command line arguments: ['/home/sdh2983/.local/bin/colcon', 'build', '--symlink-install']
[1.580s] DEBUG:colcon:Parsed command line arguments: Namespace(log_base=None, log_level=None, verb_name='build', build_base='build', install_base='install', merge_install=False, symlink_install=True, test_result_base=None, continue_on_error=False, executor='parallel', parallel_workers=4, event_handlers=None, ignore_user_meta=False, metas=['./colcon.meta'], base_paths=['.'], packages_ignore=None, packages_ignore_regex=None, paths=None, packages_up_to=None, packages_up_to_regex=None, packages_above=None, packages_above_and_dependencies=None, packages_above_depth=None, packages_select_by_dep=None, packages_skip_by_dep=None, packages_skip_up_to=None, packages_select_build_failed=False, packages_skip_build_finished=False, packages_select_test_failures=False, packages_skip_test_passed=False, packages_select=None, packages_skip=None, packages_select_regex=None, packages_skip_regex=None, packages_start=None, packages_end=None, cmake_args=None, cmake_target=None, cmake_target_skip_unavailable=False, cmake_clean_cache=False, cmake_clean_first=False, cmake_force_configure=False, ament_cmake_args=None, catkin_cmake_args=None, catkin_skip_building_tests=False, verb_parser=<colcon_defaults.argument_parser.defaults.DefaultArgumentsDecorator object at 0xffff84ab71f0>, verb_extension=<colcon_core.verb.build.BuildVerb object at 0xffff84ab6ce0>, main=<bound method BuildVerb.main of <colcon_core.verb.build.BuildVerb object at 0xffff84ab6ce0>>)
[2.775s] Level 1:colcon.colcon_core.package_discovery:discover_packages(colcon_meta) check parameters
[2.776s] Level 1:colcon.colcon_core.package_discovery:discover_packages(recursive) check parameters
[2.776s] Level 1:colcon.colcon_core.package_discovery:discover_packages(ignore) check parameters
[2.776s] Level 1:colcon.colcon_core.package_discovery:discover_packages(path) check parameters
[2.776s] Level 1:colcon.colcon_core.package_discovery:discover_packages(colcon_meta) discover
[2.776s] Level 1:colcon.colcon_core.package_discovery:discover_packages(recursive) discover
[2.777s] INFO:colcon.colcon_core.package_discovery:Crawling recursively for packages in '/home/sdh2983/Desktop/cFS_6x'
[2.777s] Level 1:colcon.colcon_core.package_identification:_identify(.) by extensions ['ignore', 'ignore_ament_install']
[2.778s] Level 1:colcon.colcon_core.package_identification:_identify(.) by extension 'ignore'
[2.778s] Level 1:colcon.colcon_core.package_identification:_identify(.) by extension 'ignore_ament_install'
[2.778s] Level 1:colcon.colcon_core.package_identification:_identify(.) by extensions ['colcon_pkg']
[2.779s] Level 1:colcon.colcon_core.package_identification:_identify(.) by extension 'colcon_pkg'
[2.779s] Level 1:colcon.colcon_core.package_identification:_identify(.) by extensions ['colcon_meta']
[2.779s] Level 1:colcon.colcon_core.package_identification:_identify(.) by extension 'colcon_meta'
[2.779s] Level 1:colcon.colcon_core.package_identification:_identify(.) by extensions ['ros']
[2.779s] Level 1:colcon.colcon_core.package_identification:_identify(.) by extension 'ros'
[2.865s] Level 1:colcon.colcon_core.package_identification:_identify(.) by extensions ['cmake', 'python']
[2.866s] Level 1:colcon.colcon_core.package_identification:_identify(.) by extension 'cmake'
[2.866s] Level 1:colcon.colcon_core.package_identification:_identify(.) by extension 'python'
[2.866s] Level 1:colcon.colcon_core.package_identification:_identify(.) by extensions ['python_setup_py']
[2.866s] Level 1:colcon.colcon_core.package_identification:_identify(.) by extension 'python_setup_py'
[2.867s] Level 1:colcon.colcon_core.package_identification:_identify(apps) by extensions ['ignore', 'ignore_ament_install']
[2.867s] Level 1:colcon.colcon_core.package_identification:_identify(apps) by extension 'ignore'
[2.867s] Level 1:colcon.colcon_core.package_identification:_identify(apps) by extension 'ignore_ament_install'
[2.868s] Level 1:colcon.colcon_core.package_identification:_identify(apps) by extensions ['colcon_pkg']
[2.868s] Level 1:colcon.colcon_core.package_identification:_identify(apps) by extension 'colcon_pkg'
[2.868s] Level 1:colcon.colcon_core.package_identification:_identify(apps) by extensions ['colcon_meta']
[2.868s] Level 1:colcon.colcon_core.package_identification:_identify(apps) by extension 'colcon_meta'
[2.868s] Level 1:colcon.colcon_core.package_identification:_identify(apps) by extensions ['ros']
[2.868s] Level 1:colcon.colcon_core.package_identification:_identify(apps) by extension 'ros'
[2.869s] Level 1:colcon.colcon_core.package_identification:_identify(apps) by extensions ['cmake', 'python']
[2.869s] Level 1:colcon.colcon_core.package_identification:_identify(apps) by extension 'cmake'
[2.869s] Level 1:colcon.colcon_core.package_identification:_identify(apps) by extension 'python'
[2.869s] Level 1:colcon.colcon_core.package_identification:_identify(apps) by extensions ['python_setup_py']
[2.870s] Level 1:colcon.colcon_core.package_identification:_identify(apps) by extension 'python_setup_py'
[2.870s] Level 1:colcon.colcon_core.package_identification:_identify(apps/ci_lab) by extensions ['ignore', 'ignore_ament_install']
[2.870s] Level 1:colcon.colcon_core.package_identification:_identify(apps/ci_lab) by extension 'ignore'
[2.871s] Level 1:colcon.colcon_core.package_identification:_identify(apps/ci_lab) by extension 'ignore_ament_install'
[2.871s] Level 1:colcon.colcon_core.package_identification:_identify(apps/ci_lab) by extensions ['colcon_pkg']
[2.871s] Level 1:colcon.colcon_core.package_identification:_identify(apps/ci_lab) by extension 'colcon_pkg'
[2.871s] Level 1:colcon.colcon_core.package_identification:_identify(apps/ci_lab) by extensions ['colcon_meta']
[2.871s] Level 1:colcon.colcon_core.package_identification:_identify(apps/ci_lab) by extension 'colcon_meta'
[2.871s] Level 1:colcon.colcon_core.package_identification:_identify(apps/ci_lab) by extensions ['ros']
[2.872s] Level 1:colcon.colcon_core.package_identification:_identify(apps/ci_lab) by extension 'ros'
[2.872s] Level 1:colcon.colcon_core.package_identification:_identify(apps/ci_lab) by extensions ['cmake', 'python']
[2.872s] Level 1:colcon.colcon_core.package_identification:_identify(apps/ci_lab) by extension 'cmake'
[2.877s] Level 1:colcon.colcon_core.package_identification:_identify(apps/ci_lab) by extension 'python'
[2.878s] DEBUG:colcon.colcon_core.package_identification:Package 'apps/ci_lab' with type 'cmake' and name 'CFS_CI_LAB'
[2.878s] Level 1:colcon.colcon_core.package_identification:_identify(apps/racs2_bridge_client) by extensions ['ignore', 'ignore_ament_install']
[2.878s] Level 1:colcon.colcon_core.package_identification:_identify(apps/racs2_bridge_client) by extension 'ignore'
[2.879s] Level 1:colcon.colcon_core.package_identification:_identify(apps/racs2_bridge_client) by extension 'ignore_ament_install'
[2.879s] Level 1:colcon.colcon_core.package_identification:_identify(apps/racs2_bridge_client) by extensions ['colcon_pkg']
[2.879s] Level 1:colcon.colcon_core.package_identification:_identify(apps/racs2_bridge_client) by extension 'colcon_pkg'
[2.879s] Level 1:colcon.colcon_core.package_identification:_identify(apps/racs2_bridge_client) by extensions ['colcon_meta']
[2.879s] Level 1:colcon.colcon_core.package_identification:_identify(apps/racs2_bridge_client) by extension 'colcon_meta'
[2.880s] Level 1:colcon.colcon_core.package_identification:_identify(apps/racs2_bridge_client) by extensions ['ros']
[2.880s] Level 1:colcon.colcon_core.package_identification:_identify(apps/racs2_bridge_client) by extension 'ros'
[2.880s] Level 1:colcon.colcon_core.package_identification:_identify(apps/racs2_bridge_client) by extensions ['cmake', 'python']
[2.880s] Level 1:colcon.colcon_core.package_identification:_identify(apps/racs2_bridge_client) by extension 'cmake'
[2.882s] Level 1:colcon.colcon_core.package_identification:_identify(apps/racs2_bridge_client) by extension 'python'
[2.882s] DEBUG:colcon.colcon_core.package_identification:Package 'apps/racs2_bridge_client' with type 'cmake' and name 'CFE_RACS2_BRIDGE_CLIENT'
[2.883s] Level 1:colcon.colcon_core.package_identification:_identify(apps/sample_app) by extensions ['ignore', 'ignore_ament_install']
[2.883s] Level 1:colcon.colcon_core.package_identification:_identify(apps/sample_app) by extension 'ignore'
[2.883s] Level 1:colcon.colcon_core.package_identification:_identify(apps/sample_app) by extension 'ignore_ament_install'
[2.884s] Level 1:colcon.colcon_core.package_identification:_identify(apps/sample_app) by extensions ['colcon_pkg']
[2.884s] Level 1:colcon.colcon_core.package_identification:_identify(apps/sample_app) by extension 'colcon_pkg'
[2.884s] Level 1:colcon.colcon_core.package_identification:_identify(apps/sample_app) by extensions ['colcon_meta']
[2.884s] Level 1:colcon.colcon_core.package_identification:_identify(apps/sample_app) by extension 'colcon_meta'
[2.884s] Level 1:colcon.colcon_core.package_identification:_identify(apps/sample_app) by extensions ['ros']
[2.884s] Level 1:colcon.colcon_core.package_identification:_identify(apps/sample_app) by extension 'ros'
[2.885s] Level 1:colcon.colcon_core.package_identification:_identify(apps/sample_app) by extensions ['cmake', 'python']
[2.885s] Level 1:colcon.colcon_core.package_identification:_identify(apps/sample_app) by extension 'cmake'
[2.886s] Level 1:colcon.colcon_core.package_identification:_identify(apps/sample_app) by extension 'python'
[2.887s] DEBUG:colcon.colcon_core.package_identification:Package 'apps/sample_app' with type 'cmake' and name 'CFE_SAMPLE_APP'
[2.887s] Level 1:colcon.colcon_core.package_identification:_identify(apps/sample_lib) by extensions ['ignore', 'ignore_ament_install']
[2.887s] Level 1:colcon.colcon_core.package_identification:_identify(apps/sample_lib) by extension 'ignore'
[2.888s] Level 1:colcon.colcon_core.package_identification:_identify(apps/sample_lib) by extension 'ignore_ament_install'
[2.888s] Level 1:colcon.colcon_core.package_identification:_identify(apps/sample_lib) by extensions ['colcon_pkg']
[2.888s] Level 1:colcon.colcon_core.package_identification:_identify(apps/sample_lib) by extension 'colcon_pkg'
[2.888s] Level 1:colcon.colcon_core.package_identification:_identify(apps/sample_lib) by extensions ['colcon_meta']
[2.888s] Level 1:colcon.colcon_core.package_identification:_identify(apps/sample_lib) by extension 'colcon_meta'
[2.888s] Level 1:colcon.colcon_core.package_identification:_identify(apps/sample_lib) by extensions ['ros']
[2.889s] Level 1:colcon.colcon_core.package_identification:_identify(apps/sample_lib) by extension 'ros'
[2.889s] Level 1:colcon.colcon_core.package_identification:_identify(apps/sample_lib) by extensions ['cmake', 'python']
[2.889s] Level 1:colcon.colcon_core.package_identification:_identify(apps/sample_lib) by extension 'cmake'
[2.891s] Level 1:colcon.colcon_core.package_identification:_identify(apps/sample_lib) by extension 'python'
[2.891s] DEBUG:colcon.colcon_core.package_identification:Package 'apps/sample_lib' with type 'cmake' and name 'CFE_SAMPLE_LIB'
[2.891s] Level 1:colcon.colcon_core.package_identification:_identify(apps/sch_lab) by extensions ['ignore', 'ignore_ament_install']
[2.892s] Level 1:colcon.colcon_core.package_identification:_identify(apps/sch_lab) by extension 'ignore'
[2.892s] Level 1:colcon.colcon_core.package_identification:_identify(apps/sch_lab) by extension 'ignore_ament_install'
[2.892s] Level 1:colcon.colcon_core.package_identification:_identify(apps/sch_lab) by extensions ['colcon_pkg']
[2.892s] Level 1:colcon.colcon_core.package_identification:_identify(apps/sch_lab) by extension 'colcon_pkg'
[2.893s] Level 1:colcon.colcon_core.package_identification:_identify(apps/sch_lab) by extensions ['colcon_meta']
[2.893s] Level 1:colcon.colcon_core.package_identification:_identify(apps/sch_lab) by extension 'colcon_meta'
[2.893s] Level 1:colcon.colcon_core.package_identification:_identify(apps/sch_lab) by extensions ['ros']
[2.893s] Level 1:colcon.colcon_core.package_identification:_identify(apps/sch_lab) by extension 'ros'
[2.893s] Level 1:colcon.colcon_core.package_identification:_identify(apps/sch_lab) by extensions ['cmake', 'python']
[2.894s] Level 1:colcon.colcon_core.package_identification:_identify(apps/sch_lab) by extension 'cmake'
[2.895s] Level 1:colcon.colcon_core.package_identification:_identify(apps/sch_lab) by extension 'python'
[2.896s] DEBUG:colcon.colcon_core.package_identification:Package 'apps/sch_lab' with type 'cmake' and name 'CFS_SCH_LAB'
[2.896s] Level 1:colcon.colcon_core.package_identification:_identify(apps/to_lab) by extensions ['ignore', 'ignore_ament_install']
[2.897s] Level 1:colcon.colcon_core.package_identification:_identify(apps/to_lab) by extension 'ignore'
[2.897s] Level 1:colcon.colcon_core.package_identification:_identify(apps/to_lab) by extension 'ignore_ament_install'
[2.897s] Level 1:colcon.colcon_core.package_identification:_identify(apps/to_lab) by extensions ['colcon_pkg']
[2.897s] Level 1:colcon.colcon_core.package_identification:_identify(apps/to_lab) by extension 'colcon_pkg'
[2.897s] Level 1:colcon.colcon_core.package_identification:_identify(apps/to_lab) by extensions ['colcon_meta']
[2.898s] Level 1:colcon.colcon_core.package_identification:_identify(apps/to_lab) by extension 'colcon_meta'
[2.898s] Level 1:colcon.colcon_core.package_identification:_identify(apps/to_lab) by extensions ['ros']
[2.898s] Level 1:colcon.colcon_core.package_identification:_identify(apps/to_lab) by extension 'ros'
[2.898s] Level 1:colcon.colcon_core.package_identification:_identify(apps/to_lab) by extensions ['cmake', 'python']
[2.898s] Level 1:colcon.colcon_core.package_identification:_identify(apps/to_lab) by extension 'cmake'
[2.900s] Level 1:colcon.colcon_core.package_identification:_identify(apps/to_lab) by extension 'python'
[2.900s] DEBUG:colcon.colcon_core.package_identification:Package 'apps/to_lab' with type 'cmake' and name 'CFS_TO_LAB'
[2.901s] Level 1:colcon.colcon_core.package_identification:_identify(build) by extensions ['ignore', 'ignore_ament_install']
[2.901s] Level 1:colcon.colcon_core.package_identification:_identify(build) by extension 'ignore'
[2.901s] Level 1:colcon.colcon_core.package_identification:_identify(build) ignored
[2.902s] Level 1:colcon.colcon_core.package_identification:_identify(cfe) by extensions ['ignore', 'ignore_ament_install']
[2.902s] Level 1:colcon.colcon_core.package_identification:_identify(cfe) by extension 'ignore'
[2.902s] Level 1:colcon.colcon_core.package_identification:_identify(cfe) by extension 'ignore_ament_install'
[2.903s] Level 1:colcon.colcon_core.package_identification:_identify(cfe) by extensions ['colcon_pkg']
[2.903s] Level 1:colcon.colcon_core.package_identification:_identify(cfe) by extension 'colcon_pkg'
[2.903s] Level 1:colcon.colcon_core.package_identification:_identify(cfe) by extensions ['colcon_meta']
[2.903s] Level 1:colcon.colcon_core.package_identification:_identify(cfe) by extension 'colcon_meta'
[2.903s] Level 1:colcon.colcon_core.package_identification:_identify(cfe) by extensions ['ros']
[2.903s] Level 1:colcon.colcon_core.package_identification:_identify(cfe) by extension 'ros'
[2.904s] Level 1:colcon.colcon_core.package_identification:_identify(cfe) by extensions ['cmake', 'python']
[2.904s] Level 1:colcon.colcon_core.package_identification:_identify(cfe) by extension 'cmake'
[2.932s] Level 1:colcon.colcon_core.package_identification:_identify(cfe) by extension 'python'
[2.932s] DEBUG:colcon.colcon_core.package_identification:Package 'cfe' with type 'cmake' and name 'CFETOP'
[2.932s] Level 1:colcon.colcon_core.package_identification:_identify(install) by extensions ['ignore', 'ignore_ament_install']
[2.933s] Level 1:colcon.colcon_core.package_identification:_identify(install) by extension 'ignore'
[2.933s] Level 1:colcon.colcon_core.package_identification:_identify(install) ignored
[2.934s] Level 1:colcon.colcon_core.package_identification:_identify(log) by extensions ['ignore', 'ignore_ament_install']
[2.934s] Level 1:colcon.colcon_core.package_identification:_identify(log) by extension 'ignore'
[2.934s] Level 1:colcon.colcon_core.package_identification:_identify(log) ignored
[2.934s] Level 1:colcon.colcon_core.package_identification:_identify(osal) by extensions ['ignore', 'ignore_ament_install']
[2.935s] Level 1:colcon.colcon_core.package_identification:_identify(osal) by extension 'ignore'
[2.935s] Level 1:colcon.colcon_core.package_identification:_identify(osal) by extension 'ignore_ament_install'
[2.935s] Level 1:colcon.colcon_core.package_identification:_identify(osal) by extensions ['colcon_pkg']
[2.935s] Level 1:colcon.colcon_core.package_identification:_identify(osal) by extension 'colcon_pkg'
[2.936s] Level 1:colcon.colcon_core.package_identification:_identify(osal) by extensions ['colcon_meta']
[2.936s] Level 1:colcon.colcon_core.package_identification:_identify(osal) by extension 'colcon_meta'
[2.936s] Level 1:colcon.colcon_core.package_identification:_identify(osal) by extensions ['ros']
[2.936s] Level 1:colcon.colcon_core.package_identification:_identify(osal) by extension 'ros'
[2.936s] Level 1:colcon.colcon_core.package_identification:_identify(osal) by extensions ['cmake', 'python']
[2.936s] Level 1:colcon.colcon_core.package_identification:_identify(osal) by extension 'cmake'
[2.976s] Level 1:colcon.colcon_core.package_identification:_identify(osal) by extension 'python'
[2.977s] DEBUG:colcon.colcon_core.package_identification:Package 'osal' with type 'cmake' and name 'OSAL'
[2.977s] Level 1:colcon.colcon_core.package_identification:_identify(psp) by extensions ['ignore', 'ignore_ament_install']
[2.978s] Level 1:colcon.colcon_core.package_identification:_identify(psp) by extension 'ignore'
[2.978s] Level 1:colcon.colcon_core.package_identification:_identify(psp) by extension 'ignore_ament_install'
[2.978s] Level 1:colcon.colcon_core.package_identification:_identify(psp) by extensions ['colcon_pkg']
[2.978s] Level 1:colcon.colcon_core.package_identification:_identify(psp) by extension 'colcon_pkg'
[2.978s] Level 1:colcon.colcon_core.package_identification:_identify(psp) by extensions ['colcon_meta']
[2.978s] Level 1:colcon.colcon_core.package_identification:_identify(psp) by extension 'colcon_meta'
[2.979s] Level 1:colcon.colcon_core.package_identification:_identify(psp) by extensions ['ros']
[2.979s] Level 1:colcon.colcon_core.package_identification:_identify(psp) by extension 'ros'
[2.979s] Level 1:colcon.colcon_core.package_identification:_identify(psp) by extensions ['cmake', 'python']
[2.979s] Level 1:colcon.colcon_core.package_identification:_identify(psp) by extension 'cmake'
[2.988s] Level 1:colcon.colcon_core.package_identification:_identify(psp) by extension 'python'
[2.988s] DEBUG:colcon.colcon_core.package_identification:Package 'psp' with type 'cmake' and name 'CFEPSP'
[2.988s] Level 1:colcon.colcon_core.package_identification:_identify(sample_defs) by extensions ['ignore', 'ignore_ament_install']
[2.989s] Level 1:colcon.colcon_core.package_identification:_identify(sample_defs) by extension 'ignore'
[2.989s] Level 1:colcon.colcon_core.package_identification:_identify(sample_defs) by extension 'ignore_ament_install'
[2.989s] Level 1:colcon.colcon_core.package_identification:_identify(sample_defs) by extensions ['colcon_pkg']
[2.989s] Level 1:colcon.colcon_core.package_identification:_identify(sample_defs) by extension 'colcon_pkg'
[2.990s] Level 1:colcon.colcon_core.package_identification:_identify(sample_defs) by extensions ['colcon_meta']
[2.990s] Level 1:colcon.colcon_core.package_identification:_identify(sample_defs) by extension 'colcon_meta'
[2.990s] Level 1:colcon.colcon_core.package_identification:_identify(sample_defs) by extensions ['ros']
[2.990s] Level 1:colcon.colcon_core.package_identification:_identify(sample_defs) by extension 'ros'
[2.991s] Level 1:colcon.colcon_core.package_identification:_identify(sample_defs) by extensions ['cmake', 'python']
[2.991s] Level 1:colcon.colcon_core.package_identification:_identify(sample_defs) by extension 'cmake'
[2.991s] Level 1:colcon.colcon_core.package_identification:_identify(sample_defs) by extension 'python'
[2.991s] Level 1:colcon.colcon_core.package_identification:_identify(sample_defs) by extensions ['python_setup_py']
[2.991s] Level 1:colcon.colcon_core.package_identification:_identify(sample_defs) by extension 'python_setup_py'
[2.992s] Level 1:colcon.colcon_core.package_identification:_identify(sample_defs.bak.20260215_152311) by extensions ['ignore', 'ignore_ament_install']
[2.992s] Level 1:colcon.colcon_core.package_identification:_identify(sample_defs.bak.20260215_152311) by extension 'ignore'
[2.992s] Level 1:colcon.colcon_core.package_identification:_identify(sample_defs.bak.20260215_152311) by extension 'ignore_ament_install'
[2.992s] Level 1:colcon.colcon_core.package_identification:_identify(sample_defs.bak.20260215_152311) by extensions ['colcon_pkg']
[2.992s] Level 1:colcon.colcon_core.package_identification:_identify(sample_defs.bak.20260215_152311) by extension 'colcon_pkg'
[2.993s] Level 1:colcon.colcon_core.package_identification:_identify(sample_defs.bak.20260215_152311) by extensions ['colcon_meta']
[2.993s] Level 1:colcon.colcon_core.package_identification:_identify(sample_defs.bak.20260215_152311) by extension 'colcon_meta'
[2.993s] Level 1:colcon.colcon_core.package_identification:_identify(sample_defs.bak.20260215_152311) by extensions ['ros']
[2.993s] Level 1:colcon.colcon_core.package_identification:_identify(sample_defs.bak.20260215_152311) by extension 'ros'
[2.994s] Level 1:colcon.colcon_core.package_identification:_identify(sample_defs.bak.20260215_152311) by extensions ['cmake', 'python']
[2.994s] Level 1:colcon.colcon_core.package_identification:_identify(sample_defs.bak.20260215_152311) by extension 'cmake'
[2.994s] Level 1:colcon.colcon_core.package_identification:_identify(sample_defs.bak.20260215_152311) by extension 'python'
[2.994s] Level 1:colcon.colcon_core.package_identification:_identify(sample_defs.bak.20260215_152311) by extensions ['python_setup_py']
[2.994s] Level 1:colcon.colcon_core.package_identification:_identify(sample_defs.bak.20260215_152311) by extension 'python_setup_py'
[2.995s] Level 1:colcon.colcon_core.package_identification:_identify(tools) by extensions ['ignore', 'ignore_ament_install']
[2.995s] Level 1:colcon.colcon_core.package_identification:_identify(tools) by extension 'ignore'
[2.995s] Level 1:colcon.colcon_core.package_identification:_identify(tools) by extension 'ignore_ament_install'
[2.995s] Level 1:colcon.colcon_core.package_identification:_identify(tools) by extensions ['colcon_pkg']
[2.995s] Level 1:colcon.colcon_core.package_identification:_identify(tools) by extension 'colcon_pkg'
[2.996s] Level 1:colcon.colcon_core.package_identification:_identify(tools) by extensions ['colcon_meta']
[2.996s] Level 1:colcon.colcon_core.package_identification:_identify(tools) by extension 'colcon_meta'
[2.996s] Level 1:colcon.colcon_core.package_identification:_identify(tools) by extensions ['ros']
[2.996s] Level 1:colcon.colcon_core.package_identification:_identify(tools) by extension 'ros'
[2.996s] Level 1:colcon.colcon_core.package_identification:_identify(tools) by extensions ['cmake', 'python']
[2.996s] Level 1:colcon.colcon_core.package_identification:_identify(tools) by extension 'cmake'
[3.002s] Level 1:colcon.colcon_core.package_identification:_identify(tools) by extension 'python'
[3.003s] DEBUG:colcon.colcon_core.package_identification:Package 'tools' with type 'cmake' and name 'CFETOOLS'
[3.003s] Level 1:colcon.colcon_core.package_discovery:discover_packages(recursive) using defaults
[3.003s] Level 1:colcon.colcon_core.package_discovery:discover_packages(ignore) discover
[3.003s] Level 1:colcon.colcon_core.package_discovery:discover_packages(ignore) using defaults
[3.003s] Level 1:colcon.colcon_core.package_discovery:discover_packages(path) discover
[3.003s] Level 1:colcon.colcon_core.package_discovery:discover_packages(path) using defaults
